[debug] [2022-10-17T17:23:30.454Z] ----------------------------------------------------------------------
[debug] [2022-10-17T17:23:30.456Z] Command:       C:\Program Files\nodejs\node.exe C:\Users\fabia\AppData\Roaming\npm\node_modules\firebase-tools\lib\bin\firebase.js init
[debug] [2022-10-17T17:23:30.457Z] CLI Version:   11.14.4
[debug] [2022-10-17T17:23:30.457Z] Platform:      win32
[debug] [2022-10-17T17:23:30.457Z] Node Version:  v16.15.1
[debug] [2022-10-17T17:23:30.458Z] Time:          Mon Oct 17 2022 19:23:30 GMT+0200 (Mitteleuropäische Sommerzeit)
[debug] [2022-10-17T17:23:30.458Z] ----------------------------------------------------------------------
[debug] 
[debug] [2022-10-17T17:23:30.461Z] >>> [apiv2][query] GET https://firebase-public.firebaseio.com/cli.json [none]
[debug] [2022-10-17T17:23:30.482Z] > command requires scopes: ["email","openid","https://www.googleapis.com/auth/cloudplatformprojects.readonly","https://www.googleapis.com/auth/firebase","https://www.googleapis.com/auth/cloud-platform"]
[debug] [2022-10-17T17:23:30.482Z] > authorizing via signed-in user (fabian.wagner7777@gmail.com)
[info] 
     ######## #### ########  ######## ########     ###     ######  ########
     ##        ##  ##     ## ##       ##     ##  ##   ##  ##       ##
     ######    ##  ########  ######   ########  #########  ######  ######
     ##        ##  ##    ##  ##       ##     ## ##     ##       ## ##
     ##       #### ##     ## ######## ########  ##     ##  ######  ########

You're about to initialize a Firebase project in this directory:

  C:\Users\fabia\OneDrive\Desktop\dev akademie\practice\Bookstore\bookstore

[debug] [2022-10-17T17:23:30.816Z] <<< [apiv2][status] GET https://firebase-public.firebaseio.com/cli.json 200
[debug] [2022-10-17T17:23:30.816Z] <<< [apiv2][body] GET https://firebase-public.firebaseio.com/cli.json {"cloudBuildErrorAfter":1594252800000,"cloudBuildWarnAfter":1590019200000,"defaultNode10After":1594252800000,"minVersion":"3.0.5","node8DeploysDisabledAfter":1613390400000,"node8RuntimeDisabledAfter":1615809600000,"node8WarnAfter":1600128000000}
